<?xml version="1.0" encoding="UTF-8"?>
<testsuite xmlns:xsi="http://www.w3.org/2001/XMLSchema-instance" xsi:noNamespaceSchemaLocation="https://maven.apache.org/surefire/maven-surefire-plugin/xsd/surefire-test-report-3.0.xsd" version="3.0" name="TestSuite" time="155.088" tests="9" errors="0" skipped="0" failures="0">
  <properties>
    <property name="java.specification.version" value="14"/>
    <property name="sun.jnu.encoding" value="UTF-8"/>
    <property name="java.class.path" value="/Users/sarbbhinder/Desktop/QA/Selenium_WorkSpace/FreeCRMTest/target/test-classes:/Users/sarbbhinder/Desktop/QA/Selenium_WorkSpace/FreeCRMTest/target/classes:/Users/sarbbhinder/.m2/repository/org/seleniumhq/selenium/selenium-java/4.18.1/selenium-java-4.18.1.jar:/Users/sarbbhinder/.m2/repository/org/seleniumhq/selenium/selenium-api/4.18.1/selenium-api-4.18.1.jar:/Users/sarbbhinder/.m2/repository/org/seleniumhq/selenium/selenium-chrome-driver/4.18.1/selenium-chrome-driver-4.18.1.jar:/Users/sarbbhinder/.m2/repository/com/google/auto/service/auto-service-annotations/1.1.1/auto-service-annotations-1.1.1.jar:/Users/sarbbhinder/.m2/repository/org/seleniumhq/selenium/selenium-chromium-driver/4.18.1/selenium-chromium-driver-4.18.1.jar:/Users/sarbbhinder/.m2/repository/org/seleniumhq/selenium/selenium-json/4.18.1/selenium-json-4.18.1.jar:/Users/sarbbhinder/.m2/repository/org/seleniumhq/selenium/selenium-manager/4.18.1/selenium-manager-4.18.1.jar:/Users/sarbbhinder/.m2/repository/org/seleniumhq/selenium/selenium-devtools-v120/4.18.1/selenium-devtools-v120-4.18.1.jar:/Users/sarbbhinder/.m2/repository/org/seleniumhq/selenium/selenium-devtools-v121/4.18.1/selenium-devtools-v121-4.18.1.jar:/Users/sarbbhinder/.m2/repository/org/seleniumhq/selenium/selenium-devtools-v122/4.18.1/selenium-devtools-v122-4.18.1.jar:/Users/sarbbhinder/.m2/repository/org/seleniumhq/selenium/selenium-devtools-v85/4.18.1/selenium-devtools-v85-4.18.1.jar:/Users/sarbbhinder/.m2/repository/org/seleniumhq/selenium/selenium-edge-driver/4.18.1/selenium-edge-driver-4.18.1.jar:/Users/sarbbhinder/.m2/repository/org/seleniumhq/selenium/selenium-firefox-driver/4.18.1/selenium-firefox-driver-4.18.1.jar:/Users/sarbbhinder/.m2/repository/org/seleniumhq/selenium/selenium-http/4.18.1/selenium-http-4.18.1.jar:/Users/sarbbhinder/.m2/repository/dev/failsafe/failsafe/3.3.2/failsafe-3.3.2.jar:/Users/sarbbhinder/.m2/repository/org/seleniumhq/selenium/selenium-ie-driver/4.18.1/selenium-ie-driver-4.18.1.jar:/Users/sarbbhinder/.m2/repository/org/seleniumhq/selenium/selenium-remote-driver/4.18.1/selenium-remote-driver-4.18.1.jar:/Users/sarbbhinder/.m2/repository/com/google/guava/guava/33.0.0-jre/guava-33.0.0-jre.jar:/Users/sarbbhinder/.m2/repository/com/google/guava/failureaccess/1.0.2/failureaccess-1.0.2.jar:/Users/sarbbhinder/.m2/repository/com/google/guava/listenablefuture/9999.0-empty-to-avoid-conflict-with-guava/listenablefuture-9999.0-empty-to-avoid-conflict-with-guava.jar:/Users/sarbbhinder/.m2/repository/com/google/code/findbugs/jsr305/3.0.2/jsr305-3.0.2.jar:/Users/sarbbhinder/.m2/repository/org/checkerframework/checker-qual/3.41.0/checker-qual-3.41.0.jar:/Users/sarbbhinder/.m2/repository/com/google/errorprone/error_prone_annotations/2.23.0/error_prone_annotations-2.23.0.jar:/Users/sarbbhinder/.m2/repository/com/google/j2objc/j2objc-annotations/2.8/j2objc-annotations-2.8.jar:/Users/sarbbhinder/.m2/repository/io/opentelemetry/semconv/opentelemetry-semconv/1.23.1-alpha/opentelemetry-semconv-1.23.1-alpha.jar:/Users/sarbbhinder/.m2/repository/io/opentelemetry/opentelemetry-api/1.35.0/opentelemetry-api-1.35.0.jar:/Users/sarbbhinder/.m2/repository/io/opentelemetry/opentelemetry-context/1.35.0/opentelemetry-context-1.35.0.jar:/Users/sarbbhinder/.m2/repository/io/opentelemetry/opentelemetry-exporter-logging/1.35.0/opentelemetry-exporter-logging-1.35.0.jar:/Users/sarbbhinder/.m2/repository/io/opentelemetry/opentelemetry-sdk-common/1.35.0/opentelemetry-sdk-common-1.35.0.jar:/Users/sarbbhinder/.m2/repository/io/opentelemetry/opentelemetry-sdk-extension-autoconfigure-spi/1.35.0/opentelemetry-sdk-extension-autoconfigure-spi-1.35.0.jar:/Users/sarbbhinder/.m2/repository/io/opentelemetry/opentelemetry-sdk-extension-autoconfigure/1.35.0/opentelemetry-sdk-extension-autoconfigure-1.35.0.jar:/Users/sarbbhinder/.m2/repository/io/opentelemetry/opentelemetry-api-events/1.35.0-alpha/opentelemetry-api-events-1.35.0-alpha.jar:/Users/sarbbhinder/.m2/repository/io/opentelemetry/opentelemetry-sdk-trace/1.35.0/opentelemetry-sdk-trace-1.35.0.jar:/Users/sarbbhinder/.m2/repository/io/opentelemetry/opentelemetry-extension-incubator/1.35.0-alpha/opentelemetry-extension-incubator-1.35.0-alpha.jar:/Users/sarbbhinder/.m2/repository/io/opentelemetry/opentelemetry-sdk/1.35.0/opentelemetry-sdk-1.35.0.jar:/Users/sarbbhinder/.m2/repository/io/opentelemetry/opentelemetry-sdk-metrics/1.35.0/opentelemetry-sdk-metrics-1.35.0.jar:/Users/sarbbhinder/.m2/repository/io/opentelemetry/opentelemetry-sdk-logs/1.35.0/opentelemetry-sdk-logs-1.35.0.jar:/Users/sarbbhinder/.m2/repository/net/bytebuddy/byte-buddy/1.14.12/byte-buddy-1.14.12.jar:/Users/sarbbhinder/.m2/repository/org/seleniumhq/selenium/selenium-os/4.18.1/selenium-os-4.18.1.jar:/Users/sarbbhinder/.m2/repository/org/apache/commons/commons-exec/1.3/commons-exec-1.3.jar:/Users/sarbbhinder/.m2/repository/org/seleniumhq/selenium/selenium-safari-driver/4.18.1/selenium-safari-driver-4.18.1.jar:/Users/sarbbhinder/.m2/repository/org/seleniumhq/selenium/selenium-support/4.18.1/selenium-support-4.18.1.jar:/Users/sarbbhinder/.m2/repository/org/testng/testng/7.9.0/testng-7.9.0.jar:/Users/sarbbhinder/.m2/repository/org/slf4j/slf4j-api/1.7.36/slf4j-api-1.7.36.jar:/Users/sarbbhinder/.m2/repository/com/beust/jcommander/1.82/jcommander-1.82.jar:/Users/sarbbhinder/.m2/repository/org/webjars/jquery/3.7.1/jquery-3.7.1.jar:/Users/sarbbhinder/.m2/repository/commons-io/commons-io/2.16.0/commons-io-2.16.0.jar:/Users/sarbbhinder/.m2/repository/org/apache/poi/poi-ooxml-schemas/3.9/poi-ooxml-schemas-3.9.jar:/Users/sarbbhinder/.m2/repository/org/apache/xmlbeans/xmlbeans/2.3.0/xmlbeans-2.3.0.jar:/Users/sarbbhinder/.m2/repository/stax/stax-api/1.0.1/stax-api-1.0.1.jar:/Users/sarbbhinder/.m2/repository/org/apache/poi/poi-scratchpad/3.9/poi-scratchpad-3.9.jar:/Users/sarbbhinder/.m2/repository/org/apache/poi/ooxml-schemas/1.1/ooxml-schemas-1.1.jar:/Users/sarbbhinder/.m2/repository/org/apache/poi/openxml4j/1.0-beta/openxml4j-1.0-beta.jar:/Users/sarbbhinder/.m2/repository/dom4j/dom4j/1.6.1/dom4j-1.6.1.jar:/Users/sarbbhinder/.m2/repository/xml-apis/xml-apis/1.0.b2/xml-apis-1.0.b2.jar:/Users/sarbbhinder/.m2/repository/log4j/log4j/1.2.8/log4j-1.2.8.jar:/Users/sarbbhinder/.m2/repository/org/apache/poi/poi/3.9/poi-3.9.jar:/Users/sarbbhinder/.m2/repository/commons-codec/commons-codec/1.5/commons-codec-1.5.jar:/Users/sarbbhinder/.m2/repository/org/apache/poi/poi-ooxml/3.9/poi-ooxml-3.9.jar:/Users/sarbbhinder/.m2/repository/com/relevantcodes/extentreports/2.41.2/extentreports-2.41.2.jar:/Users/sarbbhinder/.m2/repository/org/jsoup/jsoup/1.8.3/jsoup-1.8.3.jar:/Users/sarbbhinder/.m2/repository/org/xerial/sqlite-jdbc/3.8.11.1/sqlite-jdbc-3.8.11.1.jar:/Users/sarbbhinder/.m2/repository/org/freemarker/freemarker/2.3.23/freemarker-2.3.23.jar:/Users/sarbbhinder/.m2/repository/org/mongodb/mongodb-driver/3.0.4/mongodb-driver-3.0.4.jar:/Users/sarbbhinder/.m2/repository/org/mongodb/bson/3.0.4/bson-3.0.4.jar:/Users/sarbbhinder/.m2/repository/org/mongodb/mongodb-driver-core/3.0.4/mongodb-driver-core-3.0.4.jar:"/>
    <property name="java.vm.vendor" value="Oracle Corporation"/>
    <property name="sun.arch.data.model" value="64"/>
    <property name="java.vendor.url" value="https://java.oracle.com/"/>
    <property name="user.timezone" value="America/Toronto"/>
    <property name="os.name" value="Mac OS X"/>
    <property name="java.vm.specification.version" value="14"/>
    <property name="sun.java.launcher" value="SUN_STANDARD"/>
    <property name="user.country" value="CA"/>
    <property name="sun.boot.library.path" value="/Library/Java/JavaVirtualMachines/jdk-14.0.2.jdk/Contents/Home/lib"/>
    <property name="sun.java.command" value="/Users/sarbbhinder/Desktop/QA/Selenium_WorkSpace/FreeCRMTest/target/surefire/surefirebooter-20240408191411586_3.jar /Users/sarbbhinder/Desktop/QA/Selenium_WorkSpace/FreeCRMTest/target/surefire 2024-04-08T19-14-11_375-jvmRun1 surefire-20240408191411586_1tmp surefire_0-20240408191411586_2tmp"/>
    <property name="http.nonProxyHosts" value="local|*.local|169.254/16|*.169.254/16"/>
    <property name="jdk.debug" value="release"/>
    <property name="surefire.test.class.path" value="/Users/sarbbhinder/Desktop/QA/Selenium_WorkSpace/FreeCRMTest/target/test-classes:/Users/sarbbhinder/Desktop/QA/Selenium_WorkSpace/FreeCRMTest/target/classes:/Users/sarbbhinder/.m2/repository/org/seleniumhq/selenium/selenium-java/4.18.1/selenium-java-4.18.1.jar:/Users/sarbbhinder/.m2/repository/org/seleniumhq/selenium/selenium-api/4.18.1/selenium-api-4.18.1.jar:/Users/sarbbhinder/.m2/repository/org/seleniumhq/selenium/selenium-chrome-driver/4.18.1/selenium-chrome-driver-4.18.1.jar:/Users/sarbbhinder/.m2/repository/com/google/auto/service/auto-service-annotations/1.1.1/auto-service-annotations-1.1.1.jar:/Users/sarbbhinder/.m2/repository/org/seleniumhq/selenium/selenium-chromium-driver/4.18.1/selenium-chromium-driver-4.18.1.jar:/Users/sarbbhinder/.m2/repository/org/seleniumhq/selenium/selenium-json/4.18.1/selenium-json-4.18.1.jar:/Users/sarbbhinder/.m2/repository/org/seleniumhq/selenium/selenium-manager/4.18.1/selenium-manager-4.18.1.jar:/Users/sarbbhinder/.m2/repository/org/seleniumhq/selenium/selenium-devtools-v120/4.18.1/selenium-devtools-v120-4.18.1.jar:/Users/sarbbhinder/.m2/repository/org/seleniumhq/selenium/selenium-devtools-v121/4.18.1/selenium-devtools-v121-4.18.1.jar:/Users/sarbbhinder/.m2/repository/org/seleniumhq/selenium/selenium-devtools-v122/4.18.1/selenium-devtools-v122-4.18.1.jar:/Users/sarbbhinder/.m2/repository/org/seleniumhq/selenium/selenium-devtools-v85/4.18.1/selenium-devtools-v85-4.18.1.jar:/Users/sarbbhinder/.m2/repository/org/seleniumhq/selenium/selenium-edge-driver/4.18.1/selenium-edge-driver-4.18.1.jar:/Users/sarbbhinder/.m2/repository/org/seleniumhq/selenium/selenium-firefox-driver/4.18.1/selenium-firefox-driver-4.18.1.jar:/Users/sarbbhinder/.m2/repository/org/seleniumhq/selenium/selenium-http/4.18.1/selenium-http-4.18.1.jar:/Users/sarbbhinder/.m2/repository/dev/failsafe/failsafe/3.3.2/failsafe-3.3.2.jar:/Users/sarbbhinder/.m2/repository/org/seleniumhq/selenium/selenium-ie-driver/4.18.1/selenium-ie-driver-4.18.1.jar:/Users/sarbbhinder/.m2/repository/org/seleniumhq/selenium/selenium-remote-driver/4.18.1/selenium-remote-driver-4.18.1.jar:/Users/sarbbhinder/.m2/repository/com/google/guava/guava/33.0.0-jre/guava-33.0.0-jre.jar:/Users/sarbbhinder/.m2/repository/com/google/guava/failureaccess/1.0.2/failureaccess-1.0.2.jar:/Users/sarbbhinder/.m2/repository/com/google/guava/listenablefuture/9999.0-empty-to-avoid-conflict-with-guava/listenablefuture-9999.0-empty-to-avoid-conflict-with-guava.jar:/Users/sarbbhinder/.m2/repository/com/google/code/findbugs/jsr305/3.0.2/jsr305-3.0.2.jar:/Users/sarbbhinder/.m2/repository/org/checkerframework/checker-qual/3.41.0/checker-qual-3.41.0.jar:/Users/sarbbhinder/.m2/repository/com/google/errorprone/error_prone_annotations/2.23.0/error_prone_annotations-2.23.0.jar:/Users/sarbbhinder/.m2/repository/com/google/j2objc/j2objc-annotations/2.8/j2objc-annotations-2.8.jar:/Users/sarbbhinder/.m2/repository/io/opentelemetry/semconv/opentelemetry-semconv/1.23.1-alpha/opentelemetry-semconv-1.23.1-alpha.jar:/Users/sarbbhinder/.m2/repository/io/opentelemetry/opentelemetry-api/1.35.0/opentelemetry-api-1.35.0.jar:/Users/sarbbhinder/.m2/repository/io/opentelemetry/opentelemetry-context/1.35.0/opentelemetry-context-1.35.0.jar:/Users/sarbbhinder/.m2/repository/io/opentelemetry/opentelemetry-exporter-logging/1.35.0/opentelemetry-exporter-logging-1.35.0.jar:/Users/sarbbhinder/.m2/repository/io/opentelemetry/opentelemetry-sdk-common/1.35.0/opentelemetry-sdk-common-1.35.0.jar:/Users/sarbbhinder/.m2/repository/io/opentelemetry/opentelemetry-sdk-extension-autoconfigure-spi/1.35.0/opentelemetry-sdk-extension-autoconfigure-spi-1.35.0.jar:/Users/sarbbhinder/.m2/repository/io/opentelemetry/opentelemetry-sdk-extension-autoconfigure/1.35.0/opentelemetry-sdk-extension-autoconfigure-1.35.0.jar:/Users/sarbbhinder/.m2/repository/io/opentelemetry/opentelemetry-api-events/1.35.0-alpha/opentelemetry-api-events-1.35.0-alpha.jar:/Users/sarbbhinder/.m2/repository/io/opentelemetry/opentelemetry-sdk-trace/1.35.0/opentelemetry-sdk-trace-1.35.0.jar:/Users/sarbbhinder/.m2/repository/io/opentelemetry/opentelemetry-extension-incubator/1.35.0-alpha/opentelemetry-extension-incubator-1.35.0-alpha.jar:/Users/sarbbhinder/.m2/repository/io/opentelemetry/opentelemetry-sdk/1.35.0/opentelemetry-sdk-1.35.0.jar:/Users/sarbbhinder/.m2/repository/io/opentelemetry/opentelemetry-sdk-metrics/1.35.0/opentelemetry-sdk-metrics-1.35.0.jar:/Users/sarbbhinder/.m2/repository/io/opentelemetry/opentelemetry-sdk-logs/1.35.0/opentelemetry-sdk-logs-1.35.0.jar:/Users/sarbbhinder/.m2/repository/net/bytebuddy/byte-buddy/1.14.12/byte-buddy-1.14.12.jar:/Users/sarbbhinder/.m2/repository/org/seleniumhq/selenium/selenium-os/4.18.1/selenium-os-4.18.1.jar:/Users/sarbbhinder/.m2/repository/org/apache/commons/commons-exec/1.3/commons-exec-1.3.jar:/Users/sarbbhinder/.m2/repository/org/seleniumhq/selenium/selenium-safari-driver/4.18.1/selenium-safari-driver-4.18.1.jar:/Users/sarbbhinder/.m2/repository/org/seleniumhq/selenium/selenium-support/4.18.1/selenium-support-4.18.1.jar:/Users/sarbbhinder/.m2/repository/org/testng/testng/7.9.0/testng-7.9.0.jar:/Users/sarbbhinder/.m2/repository/org/slf4j/slf4j-api/1.7.36/slf4j-api-1.7.36.jar:/Users/sarbbhinder/.m2/repository/com/beust/jcommander/1.82/jcommander-1.82.jar:/Users/sarbbhinder/.m2/repository/org/webjars/jquery/3.7.1/jquery-3.7.1.jar:/Users/sarbbhinder/.m2/repository/commons-io/commons-io/2.16.0/commons-io-2.16.0.jar:/Users/sarbbhinder/.m2/repository/org/apache/poi/poi-ooxml-schemas/3.9/poi-ooxml-schemas-3.9.jar:/Users/sarbbhinder/.m2/repository/org/apache/xmlbeans/xmlbeans/2.3.0/xmlbeans-2.3.0.jar:/Users/sarbbhinder/.m2/repository/stax/stax-api/1.0.1/stax-api-1.0.1.jar:/Users/sarbbhinder/.m2/repository/org/apache/poi/poi-scratchpad/3.9/poi-scratchpad-3.9.jar:/Users/sarbbhinder/.m2/repository/org/apache/poi/ooxml-schemas/1.1/ooxml-schemas-1.1.jar:/Users/sarbbhinder/.m2/repository/org/apache/poi/openxml4j/1.0-beta/openxml4j-1.0-beta.jar:/Users/sarbbhinder/.m2/repository/dom4j/dom4j/1.6.1/dom4j-1.6.1.jar:/Users/sarbbhinder/.m2/repository/xml-apis/xml-apis/1.0.b2/xml-apis-1.0.b2.jar:/Users/sarbbhinder/.m2/repository/log4j/log4j/1.2.8/log4j-1.2.8.jar:/Users/sarbbhinder/.m2/repository/org/apache/poi/poi/3.9/poi-3.9.jar:/Users/sarbbhinder/.m2/repository/commons-codec/commons-codec/1.5/commons-codec-1.5.jar:/Users/sarbbhinder/.m2/repository/org/apache/poi/poi-ooxml/3.9/poi-ooxml-3.9.jar:/Users/sarbbhinder/.m2/repository/com/relevantcodes/extentreports/2.41.2/extentreports-2.41.2.jar:/Users/sarbbhinder/.m2/repository/org/jsoup/jsoup/1.8.3/jsoup-1.8.3.jar:/Users/sarbbhinder/.m2/repository/org/xerial/sqlite-jdbc/3.8.11.1/sqlite-jdbc-3.8.11.1.jar:/Users/sarbbhinder/.m2/repository/org/freemarker/freemarker/2.3.23/freemarker-2.3.23.jar:/Users/sarbbhinder/.m2/repository/org/mongodb/mongodb-driver/3.0.4/mongodb-driver-3.0.4.jar:/Users/sarbbhinder/.m2/repository/org/mongodb/bson/3.0.4/bson-3.0.4.jar:/Users/sarbbhinder/.m2/repository/org/mongodb/mongodb-driver-core/3.0.4/mongodb-driver-core-3.0.4.jar:"/>
    <property name="sun.cpu.endian" value="little"/>
    <property name="user.home" value="/Users/sarbbhinder"/>
    <property name="user.language" value="en"/>
    <property name="java.specification.vendor" value="Oracle Corporation"/>
    <property name="java.version.date" value="2020-07-14"/>
    <property name="java.home" value="/Library/Java/JavaVirtualMachines/jdk-14.0.2.jdk/Contents/Home"/>
    <property name="file.separator" value="/"/>
    <property name="basedir" value="/Users/sarbbhinder/Desktop/QA/Selenium_WorkSpace/FreeCRMTest"/>
    <property name="java.vm.compressedOopsMode" value="Zero based"/>
    <property name="line.separator" value="&#10;"/>
    <property name="java.specification.name" value="Java Platform API Specification"/>
    <property name="java.vm.specification.vendor" value="Oracle Corporation"/>
    <property name="surefire.real.class.path" value="/Users/sarbbhinder/Desktop/QA/Selenium_WorkSpace/FreeCRMTest/target/surefire/surefirebooter-20240408191411586_3.jar"/>
    <property name="sun.management.compiler" value="HotSpot 64-Bit Tiered Compilers"/>
    <property name="ftp.nonProxyHosts" value="local|*.local|169.254/16|*.169.254/16"/>
    <property name="java.runtime.version" value="14.0.2+12-46"/>
    <property name="user.name" value="sarbbhinder"/>
    <property name="path.separator" value=":"/>
    <property name="os.version" value="10.16"/>
    <property name="java.runtime.name" value="Java(TM) SE Runtime Environment"/>
    <property name="file.encoding" value="UTF-8"/>
    <property name="java.vm.name" value="Java HotSpot(TM) 64-Bit Server VM"/>
    <property name="localRepository" value="/Users/sarbbhinder/.m2/repository"/>
    <property name="java.vendor.url.bug" value="https://bugreport.java.com/bugreport/"/>
    <property name="java.io.tmpdir" value="/var/folders/r5/w6wmvy8n5bj96n_t76x44mpw0000gn/T/"/>
    <property name="java.version" value="14.0.2"/>
    <property name="user.dir" value="/Users/sarbbhinder/Desktop/QA/Selenium_WorkSpace/FreeCRMTest"/>
    <property name="os.arch" value="x86_64"/>
    <property name="java.vm.specification.name" value="Java Virtual Machine Specification"/>
    <property name="java.library.path" value="/Users/sarbbhinder/Library/Java/Extensions:/Library/Java/Extensions:/Network/Library/Java/Extensions:/System/Library/Java/Extensions:/usr/lib/java:."/>
    <property name="java.vm.info" value="mixed mode, sharing"/>
    <property name="java.vendor" value="Oracle Corporation"/>
    <property name="java.vm.version" value="14.0.2+12-46"/>
    <property name="sun.io.unicode.encoding" value="UnicodeBig"/>
    <property name="socksNonProxyHosts" value="local|*.local|169.254/16|*.169.254/16"/>
    <property name="java.class.version" value="58.0"/>
  </properties>
  <testcase name="verifyContactsPageLabelTest" classname="com.crm.qa.testcases.ContactsPageTest" time="0.13">
    <system-out><![CDATA[Started Looking for By.xpath: //a[@href='https://ui.freecrm.com']
Found element By.xpath: //a[@href='https://ui.freecrm.com'] looking for Decorated {[[FirefoxDriver: firefox on mac (f224fc42-3a4f-48cc-9a6f-9aa733250942)] -> xpath: //a[@href='https://ui.freecrm.com']]}
Started Looking for By.name: email
Found element By.name: email looking for Decorated {[[FirefoxDriver: firefox on mac (f224fc42-3a4f-48cc-9a6f-9aa733250942)] -> name: email]}
Started Looking for By.name: password
Found element By.name: password looking for Decorated {[[FirefoxDriver: firefox on mac (f224fc42-3a4f-48cc-9a6f-9aa733250942)] -> name: password]}
Started Looking for By.xpath: //div[contains(text(), 'Login')]
Found element By.xpath: //div[contains(text(), 'Login')] looking for Decorated {[[FirefoxDriver: firefox on mac (f224fc42-3a4f-48cc-9a6f-9aa733250942)] -> xpath: //div[contains(text(), 'Login')]]}
Started Looking for By.xpath: //span[contains(text(), 'Contacts')]
Found element By.xpath: //span[contains(text(), 'Contacts')] looking for Decorated {[[FirefoxDriver: firefox on mac (f224fc42-3a4f-48cc-9a6f-9aa733250942)] -> xpath: //span[contains(text(), 'Contacts')]]}
Started Looking for By.xpath: //span[contains(@class,'selectable')]
Found element By.xpath: //span[contains(@class,'selectable')] looking for Decorated {[[FirefoxDriver: firefox on mac (f224fc42-3a4f-48cc-9a6f-9aa733250942)] -> xpath: //span[contains(@class,'selectable')]]}
]]></system-out>
    <system-err><![CDATA[SLF4J: Failed to load class "org.slf4j.impl.StaticLoggerBinder".
SLF4J: Defaulting to no-operation (NOP) logger implementation
SLF4J: See http://www.slf4j.org/codes.html#StaticLoggerBinder for further details.
]]></system-err>
  </testcase>
  <testcase name="selectContactsByNameTest" classname="com.crm.qa.testcases.ContactsPageTest" time="3.523">
    <system-out><![CDATA[Started Looking for By.xpath: //a[@href='https://ui.freecrm.com']
Found element By.xpath: //a[@href='https://ui.freecrm.com'] looking for Decorated {[[FirefoxDriver: firefox on mac (3effef49-cdaf-4192-8b6d-cb927b0790bc)] -> xpath: //a[@href='https://ui.freecrm.com']]}
Started Looking for By.name: email
Found element By.name: email looking for Decorated {[[FirefoxDriver: firefox on mac (3effef49-cdaf-4192-8b6d-cb927b0790bc)] -> name: email]}
Started Looking for By.name: password
Found element By.name: password looking for Decorated {[[FirefoxDriver: firefox on mac (3effef49-cdaf-4192-8b6d-cb927b0790bc)] -> name: password]}
Started Looking for By.xpath: //div[contains(text(), 'Login')]
Found element By.xpath: //div[contains(text(), 'Login')] looking for Decorated {[[FirefoxDriver: firefox on mac (3effef49-cdaf-4192-8b6d-cb927b0790bc)] -> xpath: //div[contains(text(), 'Login')]]}
Started Looking for By.xpath: //span[contains(text(), 'Contacts')]
Found element By.xpath: //span[contains(text(), 'Contacts')] looking for Decorated {[[FirefoxDriver: firefox on mac (3effef49-cdaf-4192-8b6d-cb927b0790bc)] -> xpath: //span[contains(text(), 'Contacts')]]}
Started Looking for By.xpath: //a[text() = 'sam dhillon']//parent::td//preceding-sibling::td//div
Found element By.xpath: //a[text() = 'sam dhillon']//parent::td//preceding-sibling::td//div looking for Decorated {[[FirefoxDriver: firefox on mac (3effef49-cdaf-4192-8b6d-cb927b0790bc)] -> xpath: //a[text() = 'sam dhillon']//parent::td//preceding-sibling::td//div]}
]]></system-out>
  </testcase>
  <testcase name="validateCreateNewContact[George, Bush](1)" classname="com.crm.qa.testcases.ContactsPageTest" time="1.621">
    <system-out><![CDATA[Started Looking for By.xpath: //a[@href='https://ui.freecrm.com']
Found element By.xpath: //a[@href='https://ui.freecrm.com'] looking for Decorated {[[FirefoxDriver: firefox on mac (95224003-9f77-458f-a92d-cb3da69a2a42)] -> xpath: //a[@href='https://ui.freecrm.com']]}
Started Looking for By.name: email
Found element By.name: email looking for Decorated {[[FirefoxDriver: firefox on mac (95224003-9f77-458f-a92d-cb3da69a2a42)] -> name: email]}
Started Looking for By.name: password
Found element By.name: password looking for Decorated {[[FirefoxDriver: firefox on mac (95224003-9f77-458f-a92d-cb3da69a2a42)] -> name: password]}
Started Looking for By.xpath: //div[contains(text(), 'Login')]
Found element By.xpath: //div[contains(text(), 'Login')] looking for Decorated {[[FirefoxDriver: firefox on mac (95224003-9f77-458f-a92d-cb3da69a2a42)] -> xpath: //div[contains(text(), 'Login')]]}
Started Looking for By.xpath: //span[contains(text(), 'Contacts')]
Found element By.xpath: //span[contains(text(), 'Contacts')] looking for Decorated {[[FirefoxDriver: firefox on mac (95224003-9f77-458f-a92d-cb3da69a2a42)] -> xpath: //span[contains(text(), 'Contacts')]]}
Started Looking for By.xpath: //span[contains(text(), 'Contacts')]
Found element By.xpath: //span[contains(text(), 'Contacts')] looking for Decorated {[[FirefoxDriver: firefox on mac (95224003-9f77-458f-a92d-cb3da69a2a42)] -> xpath: //span[contains(text(), 'Contacts')]]}
Started Looking for By.xpath: //span[text() = 'Contacts']//parent::a//following-sibling::button
Found element By.xpath: //span[text() = 'Contacts']//parent::a//following-sibling::button looking for Decorated {[[FirefoxDriver: firefox on mac (95224003-9f77-458f-a92d-cb3da69a2a42)] -> xpath: //span[text() = 'Contacts']//parent::a//following-sibling::button]}
Started Looking for By.xpath: //input[@name = 'first_name']
Found element By.xpath: //input[@name = 'first_name'] looking for Decorated {[[FirefoxDriver: firefox on mac (95224003-9f77-458f-a92d-cb3da69a2a42)] -> xpath: //input[@name = 'first_name']]}
Started Looking for By.xpath: //input[@name = 'last_name']
Found element By.xpath: //input[@name = 'last_name'] looking for Decorated {[[FirefoxDriver: firefox on mac (95224003-9f77-458f-a92d-cb3da69a2a42)] -> xpath: //input[@name = 'last_name']]}
Started Looking for By.xpath: //button[@class='ui linkedin button']
Found element By.xpath: //button[@class='ui linkedin button'] looking for Decorated {[[FirefoxDriver: firefox on mac (95224003-9f77-458f-a92d-cb3da69a2a42)] -> xpath: //button[@class='ui linkedin button']]}
]]></system-out>
  </testcase>
  <testcase name="validateCreateNewContact[David , Chris](2)" classname="com.crm.qa.testcases.ContactsPageTest" time="1.467">
    <system-out><![CDATA[Started Looking for By.xpath: //a[@href='https://ui.freecrm.com']
Found element By.xpath: //a[@href='https://ui.freecrm.com'] looking for Decorated {[[FirefoxDriver: firefox on mac (5d8e1b17-f827-472d-8219-2407122a3d24)] -> xpath: //a[@href='https://ui.freecrm.com']]}
Started Looking for By.name: email
Found element By.name: email looking for Decorated {[[FirefoxDriver: firefox on mac (5d8e1b17-f827-472d-8219-2407122a3d24)] -> name: email]}
Started Looking for By.name: password
Found element By.name: password looking for Decorated {[[FirefoxDriver: firefox on mac (5d8e1b17-f827-472d-8219-2407122a3d24)] -> name: password]}
Started Looking for By.xpath: //div[contains(text(), 'Login')]
Found element By.xpath: //div[contains(text(), 'Login')] looking for Decorated {[[FirefoxDriver: firefox on mac (5d8e1b17-f827-472d-8219-2407122a3d24)] -> xpath: //div[contains(text(), 'Login')]]}
Started Looking for By.xpath: //span[contains(text(), 'Contacts')]
Found element By.xpath: //span[contains(text(), 'Contacts')] looking for Decorated {[[FirefoxDriver: firefox on mac (5d8e1b17-f827-472d-8219-2407122a3d24)] -> xpath: //span[contains(text(), 'Contacts')]]}
Started Looking for By.xpath: //span[contains(text(), 'Contacts')]
Found element By.xpath: //span[contains(text(), 'Contacts')] looking for Decorated {[[FirefoxDriver: firefox on mac (5d8e1b17-f827-472d-8219-2407122a3d24)] -> xpath: //span[contains(text(), 'Contacts')]]}
Started Looking for By.xpath: //span[text() = 'Contacts']//parent::a//following-sibling::button
Found element By.xpath: //span[text() = 'Contacts']//parent::a//following-sibling::button looking for Decorated {[[FirefoxDriver: firefox on mac (5d8e1b17-f827-472d-8219-2407122a3d24)] -> xpath: //span[text() = 'Contacts']//parent::a//following-sibling::button]}
Started Looking for By.xpath: //input[@name = 'first_name']
Found element By.xpath: //input[@name = 'first_name'] looking for Decorated {[[FirefoxDriver: firefox on mac (5d8e1b17-f827-472d-8219-2407122a3d24)] -> xpath: //input[@name = 'first_name']]}
Started Looking for By.xpath: //input[@name = 'last_name']
Found element By.xpath: //input[@name = 'last_name'] looking for Decorated {[[FirefoxDriver: firefox on mac (5d8e1b17-f827-472d-8219-2407122a3d24)] -> xpath: //input[@name = 'last_name']]}
Started Looking for By.xpath: //button[@class='ui linkedin button']
Found element By.xpath: //button[@class='ui linkedin button'] looking for Decorated {[[FirefoxDriver: firefox on mac (5d8e1b17-f827-472d-8219-2407122a3d24)] -> xpath: //button[@class='ui linkedin button']]}
]]></system-out>
  </testcase>
  <testcase name="verifyHomePageTitleTest" classname="com.crm.qa.testcases.HomePageTest" time="0.009">
    <system-out><![CDATA[Started Looking for By.xpath: //a[@href='https://ui.freecrm.com']
Found element By.xpath: //a[@href='https://ui.freecrm.com'] looking for Decorated {[[FirefoxDriver: firefox on mac (c53e2494-acd1-4265-bc38-fed5bfe54358)] -> xpath: //a[@href='https://ui.freecrm.com']]}
Started Looking for By.name: email
Found element By.name: email looking for Decorated {[[FirefoxDriver: firefox on mac (c53e2494-acd1-4265-bc38-fed5bfe54358)] -> name: email]}
Started Looking for By.name: password
Found element By.name: password looking for Decorated {[[FirefoxDriver: firefox on mac (c53e2494-acd1-4265-bc38-fed5bfe54358)] -> name: password]}
Started Looking for By.xpath: //div[contains(text(), 'Login')]
Found element By.xpath: //div[contains(text(), 'Login')] looking for Decorated {[[FirefoxDriver: firefox on mac (c53e2494-acd1-4265-bc38-fed5bfe54358)] -> xpath: //div[contains(text(), 'Login')]]}
]]></system-out>
  </testcase>
  <testcase name="verifyUserLoggedInTest" classname="com.crm.qa.testcases.HomePageTest" time="0.698">
    <system-out><![CDATA[Started Looking for By.xpath: //a[@href='https://ui.freecrm.com']
Found element By.xpath: //a[@href='https://ui.freecrm.com'] looking for Decorated {[[FirefoxDriver: firefox on mac (17e1a177-5356-49d9-84dd-3d395cdfde2c)] -> xpath: //a[@href='https://ui.freecrm.com']]}
Started Looking for By.name: email
Found element By.name: email looking for Decorated {[[FirefoxDriver: firefox on mac (17e1a177-5356-49d9-84dd-3d395cdfde2c)] -> name: email]}
Started Looking for By.name: password
Found element By.name: password looking for Decorated {[[FirefoxDriver: firefox on mac (17e1a177-5356-49d9-84dd-3d395cdfde2c)] -> name: password]}
Started Looking for By.xpath: //div[contains(text(), 'Login')]
Found element By.xpath: //div[contains(text(), 'Login')] looking for Decorated {[[FirefoxDriver: firefox on mac (17e1a177-5356-49d9-84dd-3d395cdfde2c)] -> xpath: //div[contains(text(), 'Login')]]}
Started Looking for By.xpath: //span[@class='user-display']
Found element By.xpath: //span[@class='user-display'] looking for Decorated {[[FirefoxDriver: firefox on mac (17e1a177-5356-49d9-84dd-3d395cdfde2c)] -> xpath: //span[@class='user-display']]}
]]></system-out>
  </testcase>
  <testcase name="verfiyContactsLinkTest" classname="com.crm.qa.testcases.HomePageTest" time="1.007">
    <system-out><![CDATA[Started Looking for By.xpath: //a[@href='https://ui.freecrm.com']
Found element By.xpath: //a[@href='https://ui.freecrm.com'] looking for Decorated {[[FirefoxDriver: firefox on mac (dc40df37-651c-486c-bfdf-26e08f1bbd0d)] -> xpath: //a[@href='https://ui.freecrm.com']]}
Started Looking for By.name: email
Found element By.name: email looking for Decorated {[[FirefoxDriver: firefox on mac (dc40df37-651c-486c-bfdf-26e08f1bbd0d)] -> name: email]}
Started Looking for By.name: password
Found element By.name: password looking for Decorated {[[FirefoxDriver: firefox on mac (dc40df37-651c-486c-bfdf-26e08f1bbd0d)] -> name: password]}
Started Looking for By.xpath: //div[contains(text(), 'Login')]
Found element By.xpath: //div[contains(text(), 'Login')] looking for Decorated {[[FirefoxDriver: firefox on mac (dc40df37-651c-486c-bfdf-26e08f1bbd0d)] -> xpath: //div[contains(text(), 'Login')]]}
Started Looking for By.xpath: //span[contains(text(), 'Contacts')]
Found element By.xpath: //span[contains(text(), 'Contacts')] looking for Decorated {[[FirefoxDriver: firefox on mac (dc40df37-651c-486c-bfdf-26e08f1bbd0d)] -> xpath: //span[contains(text(), 'Contacts')]]}
]]></system-out>
  </testcase>
  <testcase name="loginPageTitleTest" classname="com.crm.qa.testcases.LoginPageTest" time="2.281">
    <system-out><![CDATA[Started Looking for By.xpath: //a[@href='https://ui.freecrm.com']
Found element By.xpath: //a[@href='https://ui.freecrm.com'] looking for Decorated {[[FirefoxDriver: firefox on mac (f90ed76d-6d79-45b1-9260-a7937e67c567)] -> xpath: //a[@href='https://ui.freecrm.com']]}
]]></system-out>
  </testcase>
  <testcase name="loginTest" classname="com.crm.qa.testcases.LoginPageTest" time="2.842">
    <system-out><![CDATA[Started Looking for By.xpath: //a[@href='https://ui.freecrm.com']
Found element By.xpath: //a[@href='https://ui.freecrm.com'] looking for Decorated {[[FirefoxDriver: firefox on mac (2f1d2fc0-1fc3-417e-bce6-d5ec209b7242)] -> xpath: //a[@href='https://ui.freecrm.com']]}
Started Looking for By.name: email
Found element By.name: email looking for Decorated {[[FirefoxDriver: firefox on mac (2f1d2fc0-1fc3-417e-bce6-d5ec209b7242)] -> name: email]}
Started Looking for By.name: password
Found element By.name: password looking for Decorated {[[FirefoxDriver: firefox on mac (2f1d2fc0-1fc3-417e-bce6-d5ec209b7242)] -> name: password]}
Started Looking for By.xpath: //div[contains(text(), 'Login')]
Found element By.xpath: //div[contains(text(), 'Login')] looking for Decorated {[[FirefoxDriver: firefox on mac (2f1d2fc0-1fc3-417e-bce6-d5ec209b7242)] -> xpath: //div[contains(text(), 'Login')]]}
]]></system-out>
  </testcase>
</testsuite>