<?xml version="1.0" encoding="UTF-8"?>
<!-- Generated by org.testng.reporters.JUnitReportReporter -->
<testsuite hostname="Sarbs-MBP" failures="0" tests="3" name="com.crm.qa.testcases.HomePageTest" time="36.698" errors="0" timestamp="2024-04-08T17:45:42 EDT" skipped="0">
  <testcase classname="com.crm.qa.testcases.HomePageTest" name="verifyHomePageTitleTest" time="11.265"/>
  <testcase classname="com.crm.qa.testcases.HomePageTest" name="verifyUserLoggedInTest" time="12.441"/>
  <testcase classname="com.crm.qa.testcases.HomePageTest" name="verfiyContactsLinkTest" time="12.992"/>
</testsuite> <!-- com.crm.qa.testcases.HomePageTest -->
