<?xml version="1.0" encoding="UTF-8"?>
<!-- Generated by org.testng.reporters.JUnitReportReporter -->
<testsuite hostname="Sarbs-MBP" failures="0" tests="2" name="com.crm.qa.testcases.LoginPageTest" time="22.228" errors="0" timestamp="2024-04-08T17:45:42 EDT" skipped="0">
  <testcase classname="com.crm.qa.testcases.LoginPageTest" name="loginPageTitleTest" time="10.899"/>
  <testcase classname="com.crm.qa.testcases.LoginPageTest" name="loginTest" time="11.329"/>
</testsuite> <!-- com.crm.qa.testcases.LoginPageTest -->
