<?xml version="1.0" encoding="UTF-8"?>
<!-- Generated by org.testng.reporters.JUnitReportReporter -->
<testsuite hostname="Sarbs-MBP" failures="0" tests="4" name="com.crm.qa.testcases.ContactsPageTest" time="89.616" errors="0" timestamp="2024-04-08T19:16:47 EDT" skipped="0">
  <testcase classname="com.crm.qa.testcases.ContactsPageTest" name="verifyContactsPageLabelTest" time="20.364"/>
  <testcase classname="com.crm.qa.testcases.ContactsPageTest" name="selectContactsByNameTest" time="26.053"/>
  <testcase classname="com.crm.qa.testcases.ContactsPageTest" name="validateCreateNewContact" time="21.671"/>
  <testcase classname="com.crm.qa.testcases.ContactsPageTest" name="validateCreateNewContact" time="21.528"/>
</testsuite> <!-- com.crm.qa.testcases.ContactsPageTest -->
