<?xml version="1.0" encoding="UTF-8"?>
<!-- Generated by org.testng.reporters.JUnitReportReporter -->
<testsuite hostname="Sarbs-MBP" failures="0" tests="2" name="com.crm.qa.testcases.LoginPageTest" time="24.182" errors="0" timestamp="2024-04-08T19:16:47 EDT" skipped="0">
  <testcase classname="com.crm.qa.testcases.LoginPageTest" name="loginPageTitleTest" time="11.783"/>
  <testcase classname="com.crm.qa.testcases.LoginPageTest" name="loginTest" time="12.399"/>
</testsuite> <!-- com.crm.qa.testcases.LoginPageTest -->
