<?xml version="1.0" encoding="UTF-8"?>
<!-- Generated by org.testng.reporters.JUnitReportReporter -->
<testsuite hostname="Sarbs-MBP" failures="0" tests="3" name="com.crm.qa.testcases.HomePageTest" time="39.463" errors="0" timestamp="2024-04-08T19:16:47 EDT" skipped="0">
  <testcase classname="com.crm.qa.testcases.HomePageTest" name="verifyHomePageTitleTest" time="12.616"/>
  <testcase classname="com.crm.qa.testcases.HomePageTest" name="verifyUserLoggedInTest" time="13.587"/>
  <testcase classname="com.crm.qa.testcases.HomePageTest" name="verfiyContactsLinkTest" time="13.260"/>
</testsuite> <!-- com.crm.qa.testcases.HomePageTest -->
